[22-Apr-2026 00:07:30 Asia/Jakarta] PHP Fatal error:  Uncaught Error: Class "Altum\Controllers\Pay" not found in /home/linkkit/public_html/app/core/Router.php:2057
Stack trace:
#0 /home/linkkit/public_html/app/core/App.php(53): Altum\Router::get_controller()
#1 /home/linkkit/public_html/index.php(22): Altum\App->__construct()
#2 {main}
  thrown in /home/linkkit/public_html/app/core/Router.php on line 2057
[21-Apr-2026 17:09:58 UTC] PHP Fatal error:  Uncaught Error: Call to a member function fetch_object() on false in /home/linkkit/public_html/app/controllers/Pay.php:143
Stack trace:
#0 [internal function]: Altum\Controllers\Pay->index()
#1 /home/linkkit/public_html/app/core/App.php(331): call_user_func_array()
#2 /home/linkkit/public_html/index.php(22): Altum\App->__construct()
#3 {main}
  thrown in /home/linkkit/public_html/app/controllers/Pay.php on line 143
[21-Apr-2026 17:28:23 UTC] PHP Fatal error:  Uncaught Error: Call to a member function fetch_object() on false in /home/linkkit/public_html/app/controllers/AccountPayments.php:40
Stack trace:
#0 [internal function]: Altum\Controllers\AccountPayments->index()
#1 /home/linkkit/public_html/app/core/App.php(331): call_user_func_array()
#2 /home/linkkit/public_html/index.php(22): Altum\App->__construct()
#3 {main}
  thrown in /home/linkkit/public_html/app/controllers/AccountPayments.php on line 40
[21-Apr-2026 18:13:11 UTC] PHP Parse error:  syntax error, unexpected token ":", expecting "]" in /home/linkkit/public_html/app/languages/english#en.php on line 435
[21-Apr-2026 18:13:52 UTC] PHP Parse error:  syntax error, unexpected token ":", expecting "]" in /home/linkkit/public_html/app/languages/english#en.php on line 435
[21-Apr-2026 18:14:11 UTC] PHP Parse error:  syntax error, unexpected token ":", expecting "]" in /home/linkkit/public_html/app/languages/english#en.php on line 435
[21-Apr-2026 18:22:54 UTC] PHP Fatal error:  Uncaught Error: Call to a member function fetch_object() on false in /home/linkkit/public_html/app/controllers/Pay.php:143
Stack trace:
#0 [internal function]: Altum\Controllers\Pay->index()
#1 /home/linkkit/public_html/app/core/App.php(331): call_user_func_array()
#2 /home/linkkit/public_html/index.php(22): Altum\App->__construct()
#3 {main}
  thrown in /home/linkkit/public_html/app/controllers/Pay.php on line 143
[21-Apr-2026 18:23:57 UTC] PHP Fatal error:  Uncaught Error: Call to a member function fetch_object() on false in /home/linkkit/public_html/app/controllers/Pay.php:143
Stack trace:
#0 [internal function]: Altum\Controllers\Pay->index()
#1 /home/linkkit/public_html/app/core/App.php(331): call_user_func_array()
#2 /home/linkkit/public_html/index.php(22): Altum\App->__construct()
#3 {main}
  thrown in /home/linkkit/public_html/app/controllers/Pay.php on line 143
