2026-05-12 04:52:37 - Tripay get_channels ERROR:
URL: https://tripay.co.id/api/merchant/payment-channel
API Key Prefix: QLadC...
CURL Error: None
Response: {"success":false,"message":"Unauthorized IP (103.108.33.142). Please add this IP to your merchant Whitelist IP (T25834)"}
----------------------------------------
2026-05-12 04:55:34 - Tripay get_channels ERROR:
URL: https://tripay.co.id/api/merchant/payment-channel
API Key Prefix: QLadC...
CURL Error: None
Response: {"success":false,"message":"Unauthorized IP (103.108.33.142). Please add this IP to your merchant Whitelist IP (T25834)"}
----------------------------------------
2026-05-12 04:57:02 - Tripay get_channels ERROR:
URL: https://tripay.co.id/api/merchant/payment-channel
API Key Prefix: QLadC...
CURL Error: None
Response: {"success":false,"message":"Unauthorized IP (103.108.33.142). Please add this IP to your merchant Whitelist IP (T25834)"}
----------------------------------------
2026-05-12 04:57:25 - Tripay get_channels ERROR:
URL: https://tripay.co.id/api/merchant/payment-channel
API Key Prefix: QLadC...
CURL Error: None
Response: {"success":false,"message":"Unauthorized IP (103.108.33.142). Please add this IP to your merchant Whitelist IP (T25834)"}
----------------------------------------
2026-05-12 04:57:55 - Tripay get_channels ERROR:
URL: https://tripay.co.id/api/merchant/payment-channel
API Key Prefix: QLadC...
CURL Error: None
Response: {"success":false,"message":"Unauthorized IP (103.108.33.142). Please add this IP to your merchant Whitelist IP (T25834)"}
----------------------------------------
2026-05-12 04:59:33 - Tripay get_channels ERROR:
URL: https://tripay.co.id/api/merchant/payment-channel
API Key Prefix: QLadC...
CURL Error: None
Response: {"success":false,"message":"Unauthorized IP (103.108.33.142). Please add this IP to your merchant Whitelist IP (T25834)"}
----------------------------------------
2026-05-12 04:59:36 - Tripay get_channels ERROR:
URL: https://tripay.co.id/api/merchant/payment-channel
API Key Prefix: QLadC...
CURL Error: None
Response: {"success":false,"message":"Unauthorized IP (103.108.33.142). Please add this IP to your merchant Whitelist IP (T25834)"}
----------------------------------------
2026-05-12 04:59:51 - Tripay get_channels ERROR:
URL: https://tripay.co.id/api/merchant/payment-channel
API Key Prefix: QLadC...
CURL Error: None
Response: {"success":false,"message":"Unauthorized IP (103.108.33.142). Please add this IP to your merchant Whitelist IP (T25834)"}
----------------------------------------
2026-05-12 04:59:54 - Tripay get_channels ERROR:
URL: https://tripay.co.id/api/merchant/payment-channel
API Key Prefix: QLadC...
CURL Error: None
Response: {"success":false,"message":"Unauthorized IP (103.108.33.142). Please add this IP to your merchant Whitelist IP (T25834)"}
----------------------------------------
2026-05-12 05:00:00 - Tripay get_channels ERROR:
URL: https://tripay.co.id/api/merchant/payment-channel
API Key Prefix: QLadC...
CURL Error: None
Response: {"success":false,"message":"Unauthorized IP (103.108.33.142). Please add this IP to your merchant Whitelist IP (T25834)"}
----------------------------------------
2026-05-12 05:00:10 - Tripay get_channels ERROR:
URL: https://tripay.co.id/api/merchant/payment-channel
API Key Prefix: QLadC...
CURL Error: None
Response: {"success":false,"message":"Unauthorized IP (103.108.33.142). Please add this IP to your merchant Whitelist IP (T25834)"}
----------------------------------------
2026-05-12 05:04:17 - Tripay get_channels ERROR:
URL: https://tripay.co.id/api/merchant/payment-channel
API Key Prefix: QLadC...
CURL Error: None
Response: {"success":false,"message":"Unauthorized IP (103.108.33.142). Please add this IP to your merchant Whitelist IP (T25834)"}
----------------------------------------
2026-05-12 05:04:19 - Tripay get_channels ERROR:
URL: https://tripay.co.id/api/merchant/payment-channel
API Key Prefix: QLadC...
CURL Error: None
Response: {"success":false,"message":"Unauthorized IP (103.108.33.142). Please add this IP to your merchant Whitelist IP (T25834)"}
----------------------------------------
2026-05-12 05:04:31 - Tripay get_channels ERROR:
URL: https://tripay.co.id/api/merchant/payment-channel
API Key Prefix: QLadC...
CURL Error: None
Response: {"success":false,"message":"Unauthorized IP (103.108.33.142). Please add this IP to your merchant Whitelist IP (T25834)"}
----------------------------------------
2026-05-12 05:11:34 - Tripay get_channels ERROR:
URL: https://tripay.co.id/api/merchant/payment-channel
API Key Prefix: QLadC...
CURL Error: None
Response: {"success":false,"message":"Unauthorized IP (103.108.33.142). Please add this IP to your merchant Whitelist IP (T25834)"}
----------------------------------------
2026-05-12 05:33:43 - Tripay get_channels ERROR:
URL: https://tripay.co.id/api/merchant/payment-channel
API Key Prefix: QLadC...
CURL Error: None
Response: {"success":false,"message":"Unauthorized IP (103.108.33.142). Please add this IP to your merchant Whitelist IP (T25834)"}
----------------------------------------
2026-05-12 07:16:27 - Tripay get_channels ERROR:
URL: https://tripay.co.id/api/merchant/payment-channel
API Key Prefix: QLadC...
CURL Error: None
Response: {"success":false,"message":"Unauthorized IP (103.108.33.142). Please add this IP to your merchant Whitelist IP (T25834)"}
----------------------------------------
2026-05-12 08:46:42 - Tripay get_channels ERROR:
URL: https://tripay.co.id/api/merchant/payment-channel
API Key Prefix: QLadC...
CURL Error: None
Response: {"success":false,"message":"Unauthorized IP (103.108.33.142). Please add this IP to your merchant Whitelist IP (T25834)"}
----------------------------------------
